[2019-02-19 19:02:44,389] ERROR {org.ballerinalang.launcher.Main} - null 
java.lang.NullPointerException
	at org.wso2.ballerinalang.compiler.semantics.analyzer.CodeAnalyzer.validateActionInvocation(CodeAnalyzer.java:1405)
	at org.wso2.ballerinalang.compiler.semantics.analyzer.CodeAnalyzer.visit(CodeAnalyzer.java:1357)
	at org.wso2.ballerinalang.compiler.tree.expressions.BLangInvocation.accept(BLangInvocation.java:112)
	at org.wso2.ballerinalang.compiler.semantics.analyzer.CodeAnalyzer.analyzeExpr(CodeAnalyzer.java:1849)
	at org.wso2.ballerinalang.compiler.semantics.analyzer.CodeAnalyzer.visit(CodeAnalyzer.java:969)
	at org.wso2.ballerinalang.compiler.tree.BLangSimpleVariable.accept(BLangSimpleVariable.java:54)
	at org.wso2.ballerinalang.compiler.semantics.analyzer.CodeAnalyzer.analyzeNode(CodeAnalyzer.java:276)
	at org.wso2.ballerinalang.compiler.semantics.analyzer.CodeAnalyzer.visit(CodeAnalyzer.java:1007)
	at org.wso2.ballerinalang.compiler.tree.statements.BLangSimpleVariableDef.accept(BLangSimpleVariableDef.java:42)
	at org.wso2.ballerinalang.compiler.semantics.analyzer.CodeAnalyzer.analyzeNode(CodeAnalyzer.java:276)
	at org.wso2.ballerinalang.compiler.semantics.analyzer.CodeAnalyzer.lambda$visit$3(CodeAnalyzer.java:467)
	at java.util.ArrayList.forEach(ArrayList.java:1257)
	at org.wso2.ballerinalang.compiler.semantics.analyzer.CodeAnalyzer.visit(CodeAnalyzer.java:467)
	at org.wso2.ballerinalang.compiler.tree.statements.BLangBlockStmt.accept(BLangBlockStmt.java:54)
	at org.wso2.ballerinalang.compiler.semantics.analyzer.CodeAnalyzer.analyzeNode(CodeAnalyzer.java:276)
	at org.wso2.ballerinalang.compiler.semantics.analyzer.CodeAnalyzer.visitFunction(CodeAnalyzer.java:349)
	at org.wso2.ballerinalang.compiler.semantics.analyzer.CodeAnalyzer.visit(CodeAnalyzer.java:327)
	at org.wso2.ballerinalang.compiler.tree.BLangFunction.accept(BLangFunction.java:68)
	at org.wso2.ballerinalang.compiler.semantics.analyzer.CodeAnalyzer.analyzeNode(CodeAnalyzer.java:276)
	at org.wso2.ballerinalang.compiler.semantics.analyzer.CodeAnalyzer.lambda$analyzeTopLevelNodes$1(CodeAnalyzer.java:265)
	at java.util.ArrayList.forEach(ArrayList.java:1257)
	at org.wso2.ballerinalang.compiler.semantics.analyzer.CodeAnalyzer.analyzeTopLevelNodes(CodeAnalyzer.java:265)
	at org.wso2.ballerinalang.compiler.semantics.analyzer.CodeAnalyzer.visit(CodeAnalyzer.java:260)
	at org.wso2.ballerinalang.compiler.tree.BLangPackage.accept(BLangPackage.java:159)
	at org.wso2.ballerinalang.compiler.semantics.analyzer.CodeAnalyzer.analyze(CodeAnalyzer.java:249)
	at org.wso2.ballerinalang.compiler.CompilerDriver.codeAnalyze(CompilerDriver.java:203)
	at org.wso2.ballerinalang.compiler.CompilerDriver.compile(CompilerDriver.java:157)
	at org.wso2.ballerinalang.compiler.CompilerDriver.compilePackageSymbol(CompilerDriver.java:144)
	at org.wso2.ballerinalang.compiler.CompilerDriver.compilePackage(CompilerDriver.java:106)
	at java.util.stream.ForEachOps$ForEachOp$OfRef.accept(ForEachOps.java:184)
	at java.util.stream.ReferencePipeline$2$1.accept(ReferencePipeline.java:175)
	at java.util.ArrayList$ArrayListSpliterator.forEachRemaining(ArrayList.java:1382)
	at java.util.stream.AbstractPipeline.copyInto(AbstractPipeline.java:481)
	at java.util.stream.AbstractPipeline.wrapAndCopyInto(AbstractPipeline.java:471)
	at java.util.stream.ForEachOps$ForEachOp.evaluateSequential(ForEachOps.java:151)
	at java.util.stream.ForEachOps$ForEachOp$OfRef.evaluateSequential(ForEachOps.java:174)
	at java.util.stream.AbstractPipeline.evaluate(AbstractPipeline.java:234)
	at java.util.stream.ReferencePipeline.forEach(ReferencePipeline.java:418)
	at org.wso2.ballerinalang.compiler.Compiler.compilePackages(Compiler.java:161)
	at org.wso2.ballerinalang.compiler.Compiler.compilePackage(Compiler.java:179)
	at org.wso2.ballerinalang.compiler.Compiler.compile(Compiler.java:88)
	at org.ballerinalang.launcher.util.BCompileUtil.compile(BCompileUtil.java:358)
	at org.ballerinalang.launcher.util.BCompileUtil.compileWithTests(BCompileUtil.java:294)
	at org.ballerinalang.testerina.core.BTestRunner.lambda$compileAndBuildSuites$3(BTestRunner.java:191)
	at java.util.Spliterators$ArraySpliterator.forEachRemaining(Spliterators.java:948)
	at java.util.stream.ReferencePipeline$Head.forEach(ReferencePipeline.java:580)
	at org.ballerinalang.testerina.core.BTestRunner.compileAndBuildSuites(BTestRunner.java:189)
	at org.ballerinalang.testerina.core.BTestRunner.runTest(BTestRunner.java:97)
	at org.ballerinalang.testerina.core.BTestRunner.runTest(BTestRunner.java:81)
	at org.ballerinalang.testerina.core.TestCmd.execute(TestCmd.java:154)
	at java.util.Optional.ifPresent(Optional.java:159)
	at org.ballerinalang.launcher.Main.main(Main.java:67)
 
